<?xml version="1.0" encoding="UTF-8"?>
<!-- Generated by org.testng.reporters.JUnitReportReporter -->
<testsuite hostname="DESKTOP-V7BHOJO" failures="0" tests="3" name="com.test.functionalities.TC_scenario_001" time="16.731" errors="0" timestamp="2021-07-29T20:02:23 IST" skipped="0">
  <testcase classname="com.test.functionalities.TC_scenario_001" name="verifyFlightWebsite" time="4.925"/>
  <system-out/>
  <testcase classname="com.test.functionalities.TC_scenario_001" name="verifychooseFlight" time="2.096"/>
  <system-out/>
  <testcase classname="com.test.functionalities.TC_scenario_001" name="verifyflightBooking" time="9.710"/>
  <system-out/>
</testsuite> <!-- com.test.functionalities.TC_scenario_001 -->
